<?xml version="1.0" encoding="UTF-8"?>
<testsuite xmlns:xsi="http://www.w3.org/2001/XMLSchema-instance" xsi:noNamespaceSchemaLocation="https://maven.apache.org/surefire/maven-surefire-plugin/xsd/surefire-test-report.xsd" name="org.max.seminar.accu.GetLocationTest" time="0.186" tests="2" errors="0" skipped="0" failures="0">
  <properties>
[...]
</properties>
  <testcase name="get_shouldReturn200" classname="org.max.seminar.accu.GetLocationTest" time="0.052"/>
  <testcase name="get_shouldReturn401" classname="org.max.seminar.accu.GetLocationTest" time="0.022"/>
</testsuite>